
> temp-app@0.1.0 dev
> next dev --webpack

▲ Next.js 16.1.6 (webpack)
- Local:         http://localhost:3000
- Network:       http://127.0.2.2:3000
- Environments: .env.local, .env

✓ Starting...
> [PWA] PWA support is disabled
> [PWA] PWA support is disabled
✓ Ready in 1901ms
○ Compiling /patient/register ...
 GET /patient/register? 200 in 8.0s (compile: 7.7s, render: 310ms)
 GET /icon-192x192.png 404 in 1127ms (compile: 935ms, render: 193ms)
 GET /patient/register 200 in 232ms (compile: 216ms, render: 16ms)
 GET /icon-192x192.png 404 in 25ms (compile: 2ms, render: 23ms)
 GET /request 200 in 501ms (compile: 464ms, render: 38ms)
 GET /icon-192x192.png 404 in 120ms (compile: 10ms, render: 110ms)
 GET / 200 in 1003ms (compile: 763ms, render: 240ms)
 GET /request 200 in 60ms (compile: 11ms, render: 50ms)
 GET /icon-192x192.png 404 in 622ms (compile: 472ms, render: 149ms)
 GET / 200 in 64ms (compile: 11ms, render: 53ms)
 GET /icon-192x192.png 404 in 28ms (compile: 5ms, render: 23ms)
 GET /icon-192x192.png 404 in 28ms (compile: 1352µs, render: 27ms)
 GET /patient/login 200 in 1813ms (compile: 1781ms, render: 32ms)
 GET /icon-192x192.png 404 in 231ms (compile: 12ms, render: 218ms)
 GET /patient/login 200 in 10ms (compile: 2ms, render: 8ms)
 GET /icon-192x192.png 404 in 22ms (compile: 1498µs, render: 20ms)
 GET /patient/register 200 in 33ms (compile: 16ms, render: 17ms)
 GET /icon-192x192.png 404 in 31ms (compile: 2ms, render: 29ms)
 GET /request 200 in 26ms (compile: 10ms, render: 17ms)
 GET /icon-192x192.png 404 in 52ms (compile: 6ms, render: 46ms)
 GET /hospital/login 200 in 1049ms (compile: 1011ms, render: 38ms)
 GET /icon-192x192.png 404 in 727ms (compile: 510ms, render: 217ms)
 GET /hospital/register 200 in 505ms (compile: 488ms, render: 18ms)
 GET /icon-192x192.png 404 in 186ms (compile: 11ms, render: 175ms)
○ Compiling /hospital/dashboard ...
 GET /hospital/dashboard 200 in 5.1s (compile: 5.0s, render: 42ms)
 GET /hospital/login 200 in 438ms (compile: 52ms, render: 385ms)
 GET /request 200 in 87ms (compile: 17ms, render: 71ms)
 GET /icon-192x192.png 404 in 52ms (compile: 23ms, render: 29ms)
 GET /icon-192x192.png 404 in 26ms (compile: 2ms, render: 23ms)
 GET /hospital/dashboard 200 in 188ms (compile: 23ms, render: 164ms)
 GET /icon-192x192.png 404 in 122ms (compile: 4ms, render: 117ms)
 GET /hospital/login 200 in 91ms (compile: 14ms, render: 77ms)
 GET /icon-192x192.png 404 in 51ms (compile: 1728µs, render: 49ms)
 GET /hospital/login 200 in 52ms (compile: 3ms, render: 48ms)
 GET /icon-192x192.png 404 in 46ms (compile: 1827µs, render: 44ms)
 GET /patient/login 200 in 1212ms (compile: 1181ms, render: 31ms)
 GET /icon-192x192.png 404 in 239ms (compile: 9ms, render: 230ms)
 GET /patient/register 200 in 34ms (compile: 17ms, render: 17ms)
 GET /icon-192x192.png 404 in 24ms (compile: 1834µs, render: 23ms)
 GET /request 200 in 21ms (compile: 10ms, render: 11ms)
 GET /icon-192x192.png 404 in 36ms (compile: 5ms, render: 31ms)
 GET /request 200 in 31ms (compile: 13ms, render: 18ms)
 GET /request 200 in 24ms (compile: 6ms, render: 19ms)
 GET /request 200 in 29ms (compile: 9ms, render: 21ms)
 GET / 200 in 43ms (compile: 21ms, render: 22ms)
 GET /icon-192x192.png 404 in 34ms (compile: 1689µs, render: 32ms)
 GET / 200 in 28ms (compile: 5ms, render: 22ms)
 GET / 200 in 28ms (compile: 5ms, render: 24ms)
 GET / 200 in 25ms (compile: 6ms, render: 20ms)
 GET / 200 in 30ms (compile: 5ms, render: 24ms)
 GET / 200 in 44ms (compile: 14ms, render: 30ms)
 GET /hospital/login 200 in 55ms (compile: 25ms, render: 30ms)
 GET /icon-192x192.png 404 in 41ms (compile: 5ms, render: 35ms)
 GET /request 200 in 117ms (compile: 67ms, render: 51ms)
 GET /hospital/login 200 in 1115ms (compile: 1089ms, render: 27ms)
 GET /icon-192x192.png 404 in 284ms (compile: 76ms, render: 208ms)
 GET /icon-192x192.png 404 in 1092ms (compile: 884ms, render: 208ms)
 GET /hospital/login 200 in 68ms (compile: 50ms, render: 18ms)
 GET / 200 in 39ms (compile: 22ms, render: 17ms)
 GET /icon-192x192.png 404 in 44ms (compile: 2ms, render: 41ms)
 GET / 200 in 31ms (compile: 13ms, render: 18ms)
 GET / 200 in 33ms (compile: 6ms, render: 27ms)
 GET / 200 in 72ms (compile: 15ms, render: 57ms)
